===========================================
               Register Dump
===========================================
Register: Contents
BASE: 8
PC: 8
IR0: 9
IR1: 2
AC: 15
MAR: 15
MBR: 2

80
===========================================
           Memory Dump: Size = 128
===========================================
Address: Contents
0: 0
1: 0
2: 0
3: 0
4: 0
5: 0
6: 0
7: 0
8: 2
9: 32
10: 3
11: 33
12: 5
13: 32
14: 9
15: 2
16: 1
17: 80
18: 7
19: 0
20: 5
21: 33
22: 9
23: 3
24: 4
25: 2
26: 8
27: 1000000
28: 6
29: 24
30: 9
31: 3
32: 2
33: 34
34: 3
35: 32
36: 9
37: 2
38: 0
39: 0
40: 15
41: 80
42: 20
43: 0
44: 0
45: 0
46: 0
47: 0
48: 0
49: 0
50: 0
51: 0
52: 0
53: 0
54: 0
55: 0
56: 0
57: 0
58: 0
59: 0
60: 0
61: 0
62: 0
63: 0
64: 0
65: 0
66: 0
67: 0
68: 0
69: 0
70: 0
71: 0
72: 0
73: 0
74: 0
75: 0
76: 0
77: 0
78: 0
79: 0
80: 0
81: 0
82: 0
83: 0
84: 0
85: 0
86: 0
87: 0
88: 0
89: 0
90: 0
91: 0
92: 0
93: 0
94: 0
95: 0
96: 0
97: 0
98: 0
99: 0
100: 0
101: 0
102: 0
103: 0
104: 0
105: 0
106: 0
107: 0
108: 0
109: 0
110: 0
111: 0
112: 0
113: 0
114: 0
115: 0
116: 0
117: 0
118: 0
119: 0
120: 0
121: 0
122: 0
123: 0
124: 0
125: 0
126: 0
127: 0

===========================================
               Register Dump
===========================================
Register: Contents
BASE: 8
PC: 30
IR0: 9
IR1: 2
AC: 35
MAR: 37
MBR: 2

